{"B:\\Projects\\react_Jest\\src\\App.tsx": {"path":"B:\\Projects\\react_Jest\\src\\App.tsx","statementMap":{"0":{"start":{"line":36,"column":0},"end":{"line":36,"column":15}},"1":{"start":{"line":1,"column":25},"end":{"line":1,"column":null}},"2":{"start":{"line":2,"column":22},"end":{"line":2,"column":null}},"3":{"start":{"line":3,"column":21},"end":{"line":3,"column":null}},"4":{"start":{"line":4,"column":7},"end":{"line":4,"column":null}},"5":{"start":{"line":7,"column":28},"end":{"line":7,"column":null}},"6":{"start":{"line":22,"column":31},"end":{"line":22,"column":63}},"7":{"start":{"line":22,"column":51},"end":{"line":22,"column":63}},"8":{"start":{"line":36,"column":15},"end":{"line":36,"column":null}}},"fnMap":{"0":{"name":"App","decl":{"start":{"line":6,"column":9},"end":{"line":6,"column":15}},"loc":{"start":{"line":6,"column":15},"end":{"line":34,"column":null}}},"1":{"name":"(anonymous_3)","decl":{"start":{"line":22,"column":25},"end":{"line":22,"column":31}},"loc":{"start":{"line":22,"column":31},"end":{"line":22,"column":63}}},"2":{"name":"(anonymous_4)","decl":{"start":{"line":22,"column":40},"end":{"line":22,"column":41}},"loc":{"start":{"line":22,"column":51},"end":{"line":22,"column":63}}}},"branchMap":{},"s":{"0":2,"1":1,"2":1,"3":1,"4":1,"5":2,"6":0,"7":0,"8":1},"f":{"0":2,"1":0,"2":0},"b":{}}
,"B:\\Projects\\react_Jest\\src\\components\\greet\\Greet.tsx": {"path":"B:\\Projects\\react_Jest\\src\\components\\greet\\Greet.tsx","statementMap":{"0":{"start":{"line":7,"column":24},"end":{"line":7,"column":30}},"1":{"start":{"line":1,"column":18},"end":{"line":1,"column":null}}},"fnMap":{"0":{"name":"Greet","decl":{"start":{"line":7,"column":24},"end":{"line":7,"column":30}},"loc":{"start":{"line":7,"column":52},"end":{"line":13,"column":null}}}},"branchMap":{"0":{"loc":{"start":{"line":10,"column":17},"end":{"line":10,"column":33}},"type":"cond-expr","locations":[{"start":{"line":10,"column":24},"end":{"line":10,"column":31}},{"start":{"line":10,"column":31},"end":{"line":10,"column":33}}]}},"s":{"0":2,"1":1},"f":{"0":2},"b":{"0":[1,1]}}
}
